<?xml version="1.0" encoding="UTF-8"?>
<testng-results ignored="0" total="1" passed="1" failed="0" skipped="0">
  <reporter-output>
  </reporter-output>
  <suite started-at="2022-05-14T14:51:53Z" name="AutomationTest" finished-at="2022-05-14T14:52:33Z" duration-ms="39661">
    <groups>
    </groups>
    <test started-at="2022-05-14T14:51:53Z" name="TC_searchProduct" finished-at="2022-05-14T14:52:33Z" duration-ms="39661">
      <class name="Com.testpractice.testCases.TC_searchProduct">
        <test-method is-config="true" signature="setup(java.lang.String)[pri:0, instance:Com.testpractice.testCases.TC_searchProduct@11dc3715]" started-at="2022-05-14T14:51:53Z" name="setup" finished-at="2022-05-14T14:52:04Z" duration-ms="11209" status="PASS">
          <params>
            <param index="0">
              <value>
                <![CDATA[chrome]]>
              </value>
            </param>
          </params>
          <reporter-output>
          </reporter-output>
        </test-method> <!-- setup -->
        <test-method signature="SearchProductTest()[pri:0, instance:Com.testpractice.testCases.TC_searchProduct@11dc3715]" started-at="2022-05-14T14:52:04Z" name="SearchProductTest" finished-at="2022-05-14T14:52:32Z" duration-ms="28246" status="PASS">
          <reporter-output>
          </reporter-output>
        </test-method> <!-- SearchProductTest -->
        <test-method is-config="true" signature="tearDown()[pri:0, instance:Com.testpractice.testCases.TC_searchProduct@11dc3715]" started-at="2022-05-14T14:52:33Z" name="tearDown" finished-at="2022-05-14T14:52:33Z" duration-ms="172" status="PASS">
          <reporter-output>
          </reporter-output>
        </test-method> <!-- tearDown -->
      </class> <!-- Com.testpractice.testCases.TC_searchProduct -->
    </test> <!-- TC_searchProduct -->
  </suite> <!-- AutomationTest -->
</testng-results>
